2025/09/01 13:50:24 Бот osteomerchbot запущен
2025/09/01 13:50:24 Endpoint: getUpdates, params: map[allowed_updates:null timeout:60]
2025/09/01 13:50:27 Endpoint: getUpdates, response: {"ok":false,"error_code":409,"description":"Conflict: terminated by other getUpdates request; make sure that only one bot instance is running"}
2025/09/01 13:50:27 Conflict: terminated by other getUpdates request; make sure that only one bot instance is running
2025/09/01 13:50:27 Failed to get updates, retrying in 3 seconds...
2025/09/01 13:50:30 Endpoint: getUpdates, params: map[allowed_updates:null timeout:60]
2025/09/01 13:50:34 Endpoint: getUpdates, response: {"ok":false,"error_code":409,"description":"Conflict: terminated by other getUpdates request; make sure that only one bot instance is running"}
2025/09/01 13:50:34 Conflict: terminated by other getUpdates request; make sure that only one bot instance is running
2025/09/01 13:50:34 Failed to get updates, retrying in 3 seconds...
2025/09/01 13:50:37 Endpoint: getUpdates, params: map[allowed_updates:null timeout:60]
2025/09/01 13:50:37 Endpoint: getUpdates, response: {"ok":true,"result":[{"update_id":666508038,
"message":{"message_id":315,"from":{"id":5140420220,"is_bot":false,"first_name":"\u041d\u0430\u0442\u0430\u043b\u044c\u044f","username":"Natali22happy","language_code":"ru"},"chat":{"id":5140420220,"first_name":"\u041d\u0430\u0442\u0430\u043b\u044c\u044f","username":"Natali22happy","type":"private"},"date":1756723836,"text":"/start","entities":[{"offset":0,"length":6,"type":"bot_command"}]}}]}
2025/09/01 13:50:37 Endpoint: getUpdates, params: map[allowed_updates:null offset:666508039 timeout:60]
2025/09/01 13:50:37 Endpoint: sendMessage, params: map[chat_id:5140420220 entities:null reply_markup:{"inline_keyboard":[[{"text":"Подобрать","callback_data":"select"},{"text":"Посмотреть","callback_data":"browse"}],[{"text":"Каталог на сайте","url":"https://osteomerch.com/katalog/"}]]} text:Здравствуйте! Я бот Osteomerch. Если вы хотите подобрать для себя подходящий вариант одежды воспользуйтесь кнопками:]
2025/09/01 13:50:37 Endpoint: sendMessage, response: {"ok":true,"result":{"message_id":316,"from":{"id":7629726520,"is_bot":true,"first_name":"Osteomerch","username":"osteomerchbot"},"chat":{"id":5140420220,"first_name":"\u041d\u0430\u0442\u0430\u043b\u044c\u044f","username":"Natali22happy","type":"private"},"date":1756723836,"text":"\u0417\u0434\u0440\u0430\u0432\u0441\u0442\u0432\u0443\u0439\u0442\u0435! \u042f \u0431\u043e\u0442 Osteomerch. \u0415\u0441\u043b\u0438 \u0432\u044b \u0445\u043e\u0442\u0438\u0442\u0435 \u043f\u043e\u0434\u043e\u0431\u0440\u0430\u0442\u044c \u0434\u043b\u044f \u0441\u0435\u0431\u044f \u043f\u043e\u0434\u0445\u043e\u0434\u044f\u0449\u0438\u0439 \u0432\u0430\u0440\u0438\u0430\u043d\u0442 \u043e\u0434\u0435\u0436\u0434\u044b \u0432\u043e\u0441\u043f\u043e\u043b\u044c\u0437\u0443\u0439\u0442\u0435\u0441\u044c \u043a\u043d\u043e\u043f\u043a\u0430\u043c\u0438:","reply_markup":{"inline_keyboard":[[{"text":"\u041f\u043e\u0434\u043e\u0431\u0440\u0430\u0442\u044c","callback_data":"select"},{"text":"\u041f\u043e\u0441\u043c\u043e\u0442\u0440\u0435\u0442\u044c","callback_data":"browse"}],[{"text":"\u041a\u0430\u0442\u0430\u043b\u043e\u0433 \u043d\u0430 \u0441\u0430\u0439\u0442\u0435","url":"https://osteomerch.com/katalog/"}]]}}}
2025/09/01 13:50:40 Endpoint: getUpdates, response: {"ok":false,"error_code":409,"description":"Conflict: terminated by other getUpdates request; make sure that only one bot instance is running"}
2025/09/01 13:50:40 Conflict: terminated by other getUpdates request; make sure that only one bot instance is running
2025/09/01 13:50:40 Failed to get updates, retrying in 3 seconds...
2025/09/01 13:50:43 Endpoint: getUpdates, params: map[allowed_updates:null offset:666508039 timeout:60]
2025/09/01 13:50:46 Endpoint: getUpdates, response: {"ok":false,"error_code":409,"description":"Conflict: terminated by other getUpdates request; make sure that only one bot instance is running"}
2025/09/01 13:50:46 Conflict: terminated by other getUpdates request; make sure that only one bot instance is running
2025/09/01 13:50:46 Failed to get updates, retrying in 3 seconds...
2025/09/01 13:50:49 Endpoint: getUpdates, params: map[allowed_updates:null offset:666508039 timeout:60]
2025/09/01 13:50:52 Endpoint: getUpdates, response: {"ok":false,"error_code":409,"description":"Conflict: terminated by other getUpdates request; make sure that only one bot instance is running"}
2025/09/01 13:50:52 Conflict: terminated by other getUpdates request; make sure that only one bot instance is running
2025/09/01 13:50:52 Failed to get updates, retrying in 3 seconds...
2025/09/01 13:50:55 Endpoint: getUpdates, params: map[allowed_updates:null offset:666508039 timeout:60]
2025/09/01 13:50:56 Endpoint: getUpdates, response: {"ok":true,"result":[{"update_id":666508042,
"message":{"message_id":324,"from":{"id":1854868765,"is_bot":false,"first_name":"\u1160\u1160","username":"Shpinatyamba","language_code":"ru","is_premium":true},"chat":{"id":1854868765,"first_name":"\u1160\u1160","username":"Shpinatyamba","type":"private"},"date":1756723856,"text":"\u043e\u043b"}}]}
2025/09/01 13:50:56 Endpoint: getUpdates, params: map[allowed_updates:null offset:666508043 timeout:60]
2025/09/01 13:50:56 Endpoint: sendMessage, params: map[chat_id:1854868765 entities:null text:Используйте /start для начала работы]
2025/09/01 13:50:56 Endpoint: sendMessage, response: {"ok":true,"result":{"message_id":325,"from":{"id":7629726520,"is_bot":true,"first_name":"Osteomerch","username":"osteomerchbot"},"chat":{"id":1854868765,"first_name":"\u1160\u1160","username":"Shpinatyamba","type":"private"},"date":1756723856,"text":"\u0418\u0441\u043f\u043e\u043b\u044c\u0437\u0443\u0439\u0442\u0435 /start \u0434\u043b\u044f \u043d\u0430\u0447\u0430\u043b\u0430 \u0440\u0430\u0431\u043e\u0442\u044b","entities":[{"offset":12,"length":6,"type":"bot_command"}]}}
2025/09/01 13:50:58 Endpoint: getUpdates, response: {"ok":true,"result":[{"update_id":666508043,
"message":{"message_id":326,"from":{"id":1854868765,"is_bot":false,"first_name":"\u1160\u1160","username":"Shpinatyamba","language_code":"ru","is_premium":true},"chat":{"id":1854868765,"first_name":"\u1160\u1160","username":"Shpinatyamba","type":"private"},"date":1756723857,"text":"/start","entities":[{"offset":0,"length":6,"type":"bot_command"}]}}]}
2025/09/01 13:50:58 Endpoint: getUpdates, params: map[allowed_updates:null offset:666508044 timeout:60]
2025/09/01 13:50:58 Endpoint: sendMessage, params: map[chat_id:1854868765 entities:null reply_markup:{"inline_keyboard":[[{"text":"Подобрать","callback_data":"select"},{"text":"Посмотреть","callback_data":"browse"}],[{"text":"Каталог на сайте","url":"https://osteomerch.com/katalog/"}]]} text:Здравствуйте! Я бот Osteomerch. Если вы хотите подобрать для себя подходящий вариант одежды воспользуйтесь кнопками:]
2025/09/01 13:50:58 Endpoint: sendMessage, response: {"ok":true,"result":{"message_id":327,"from":{"id":7629726520,"is_bot":true,"first_name":"Osteomerch","username":"osteomerchbot"},"chat":{"id":1854868765,"first_name":"\u1160\u1160","username":"Shpinatyamba","type":"private"},"date":1756723857,"text":"\u0417\u0434\u0440\u0430\u0432\u0441\u0442\u0432\u0443\u0439\u0442\u0435! \u042f \u0431\u043e\u0442 Osteomerch. \u0415\u0441\u043b\u0438 \u0432\u044b \u0445\u043e\u0442\u0438\u0442\u0435 \u043f\u043e\u0434\u043e\u0431\u0440\u0430\u0442\u044c \u0434\u043b\u044f \u0441\u0435\u0431\u044f \u043f\u043e\u0434\u0445\u043e\u0434\u044f\u0449\u0438\u0439 \u0432\u0430\u0440\u0438\u0430\u043d\u0442 \u043e\u0434\u0435\u0436\u0434\u044b \u0432\u043e\u0441\u043f\u043e\u043b\u044c\u0437\u0443\u0439\u0442\u0435\u0441\u044c \u043a\u043d\u043e\u043f\u043a\u0430\u043c\u0438:","reply_markup":{"inline_keyboard":[[{"text":"\u041f\u043e\u0434\u043e\u0431\u0440\u0430\u0442\u044c","callback_data":"select"},{"text":"\u041f\u043e\u0441\u043c\u043e\u0442\u0440\u0435\u0442\u044c","callback_data":"browse"}],[{"text":"\u041a\u0430\u0442\u0430\u043b\u043e\u0433 \u043d\u0430 \u0441\u0430\u0439\u0442\u0435","url":"https://osteomerch.com/katalog/"}]]}}}
2025/09/01 13:50:58 Endpoint: getUpdates, response: {"ok":false,"error_code":409,"description":"Conflict: terminated by other getUpdates request; make sure that only one bot instance is running"}
2025/09/01 13:50:58 Conflict: terminated by other getUpdates request; make sure that only one bot instance is running
2025/09/01 13:50:58 Failed to get updates, retrying in 3 seconds...
2025/09/01 13:51:01 Endpoint: getUpdates, params: map[allowed_updates:null offset:666508044 timeout:60]
2025/09/01 13:51:02 Endpoint: getUpdates, response: {"ok":true,"result":[{"update_id":666508045,
"callback_query":{"id":"7966600686834482710","from":{"id":1854868765,"is_bot":false,"first_name":"\u1160\u1160","username":"Shpinatyamba","language_code":"ru","is_premium":true},"message":{"message_id":332,"from":{"id":7629726520,"is_bot":true,"first_name":"Osteomerch","username":"osteomerchbot"},"chat":{"id":1854868765,"first_name":"\u1160\u1160","username":"Shpinatyamba","type":"private"},"date":1756723860,"text":"\u0412\u044b\u0431\u0435\u0440\u0438\u0442\u0435 \u0434\u0435\u0439\u0441\u0442\u0432\u0438\u0435:","reply_markup":{"inline_keyboard":[[{"text":"\u041f\u043e\u0434\u043e\u0431\u0440\u0430\u0442\u044c","callback_data":"select"}]]}},"chat_instance":"-4765024833412511879","data":"select"}}]}
2025/09/01 13:51:02 Endpoint: getUpdates, params: map[allowed_updates:null offset:666508046 timeout:60]
2025/09/01 13:51:02 Получен callback: select для чата 1854868765
2025/09/01 13:51:02 Запуск опроса для чата 1854868765
2025/09/01 13:51:02 Начинаю опрос для чата 1854868765
2025/09/01 13:51:02 Endpoint: sendMessage, params: map[chat_id:1854868765 entities:null text:Выберите интересующий мерч:]
2025/09/01 13:51:02 Endpoint: sendMessage, response: {"ok":true,"result":{"message_id":333,"from":{"id":7629726520,"is_bot":true,"first_name":"Osteomerch","username":"osteomerchbot"},"chat":{"id":1854868765,"first_name":"\u1160\u1160","username":"Shpinatyamba","type":"private"},"date":1756723862,"text":"\u0412\u044b\u0431\u0435\u0440\u0438\u0442\u0435 \u0438\u043d\u0442\u0435\u0440\u0435\u0441\u0443\u044e\u0449\u0438\u0439 \u043c\u0435\u0440\u0447:"}}
2025/09/01 13:51:02 Endpoint: sendPhoto, params: map[caption:Футболка Крылатые Фразы белая

Размеры: S, M, L, XL, XXL caption_entities:null chat_id:1854868765 reply_markup:{"inline_keyboard":[[{"text":"Выбрать","callback_data":"tee_0"}]]}], with 1 files
2025/09/01 13:51:03 Endpoint: sendPhoto, response: {"ok":true,"result":{"message_id":334,"from":{"id":7629726520,"is_bot":true,"first_name":"Osteomerch","username":"osteomerchbot"},"chat":{"id":1854868765,"first_name":"\u1160\u1160","username":"Shpinatyamba","type":"private"},"date":1756723863,"photo":[{"file_id":"AgACAgIAAxkDAANtaLVb6AABpasR7nnOVHV3KPLFVgKbAAL68TEb4xeoSTDIsJAL1ldkAQADAgADcwADNgQ","file_unique_id":"AQAD-vExG-MXqEl4","file_size":847,"width":67,"height":90},{"file_id":"AgACAgIAAxkDAANtaLVb6AABpasR7nnOVHV3KPLFVgKbAAL68TEb4xeoSTDIsJAL1ldkAQADAgADbQADNgQ","file_unique_id":"AQAD-vExG-MXqEly","file_size":15664,"width":240,"height":320},{"file_id":"AgACAgIAAxkDAANtaLVb6AABpasR7nnOVHV3KPLFVgKbAAL68TEb4xeoSTDIsJAL1ldkAQADAgADeAADNgQ","file_unique_id":"AQAD-vExG-MXqEl9","file_size":66058,"width":600,"height":800},{"file_id":"AgACAgIAAxkDAANtaLVb6AABpasR7nnOVHV3KPLFVgKbAAL68TEb4xeoSTDIsJAL1ldkAQADAgADeQADNgQ","file_unique_id":"AQAD-vExG-MXqEl-","file_size":139163,"width":960,"height":1280},{"file_id":"AgACAgIAAxkDAANtaLVb6AABpasR7nnOVHV3KPLFVgKbAAL68TEb4xeoSTDIsJAL1ldkAQADAgADdwADNgQ","file_unique_id":"AQAD-vExG-MXqEl8","file_size":204310,"width":1277,"height":1703}],"caption":"\u0424\u0443\u0442\u0431\u043e\u043b\u043a\u0430 \u041a\u0440\u044b\u043b\u0430\u0442\u044b\u0435 \u0424\u0440\u0430\u0437\u044b \u0431\u0435\u043b\u0430\u044f\n\n\u0420\u0430\u0437\u043c\u0435\u0440\u044b: S, M, L, XL, XXL","reply_markup":{"inline_keyboard":[[{"text":"\u0412\u044b\u0431\u0440\u0430\u0442\u044c","callback_data":"tee_0"}]]}}}
2025/09/01 13:51:03 Endpoint: sendPhoto, params: map[caption:Футболка Black to Black черная

Размеры: S, M, L, XL, XXL caption_entities:null chat_id:1854868765 reply_markup:{"inline_keyboard":[[{"text":"Выбрать","callback_data":"tee_1"}]]}], with 1 files
2025/09/01 13:51:03 Endpoint: sendPhoto, response: {"ok":true,"result":{"message_id":335,"from":{"id":7629726520,"is_bot":true,"first_name":"Osteomerch","username":"osteomerchbot"},"chat":{"id":1854868765,"first_name":"\u1160\u1160","username":"Shpinatyamba","type":"private"},"date":1756723863,"photo":[{"file_id":"AgACAgIAAxkDAANuaLVb6Hhpu90FZKtVqkC2wjRantQAAvvxMRvjF6hJbc9uXOmftIkBAAMCAANzAAM2BA","file_unique_id":"AQAD-_ExG-MXqEl4","file_size":772,"width":67,"height":90},{"file_id":"AgACAgIAAxkDAANuaLVb6Hhpu90FZKtVqkC2wjRantQAAvvxMRvjF6hJbc9uXOmftIkBAAMCAANtAAM2BA","file_unique_id":"AQAD-_ExG-MXqEly","file_size":7799,"width":240,"height":320},{"file_id":"AgACAgIAAxkDAANuaLVb6Hhpu90FZKtVqkC2wjRantQAAvvxMRvjF6hJbc9uXOmftIkBAAMCAAN4AAM2BA","file_unique_id":"AQAD-_ExG-MXqEl9","file_size":20758,"width":600,"height":800},{"file_id":"AgACAgIAAxkDAANuaLVb6Hhpu90FZKtVqkC2wjRantQAAvvxMRvjF6hJbc9uXOmftIkBAAMCAAN5AAM2BA","file_unique_id":"AQAD-_ExG-MXqEl-","file_size":44162,"width":960,"height":1280},{"file_id":"AgACAgIAAxkDAANuaLVb6Hhpu90FZKtVqkC2wjRantQAAvvxMRvjF6hJbc9uXOmftIkBAAMCAAN3AAM2BA","file_unique_id":"AQAD-_ExG-MXqEl8","file_size":58751,"width":1167,"height":1556}],"caption":"\u0424\u0443\u0442\u0431\u043e\u043b\u043a\u0430 Black to Black \u0447\u0435\u0440\u043d\u0430\u044f\n\n\u0420\u0430\u0437\u043c\u0435\u0440\u044b: S, M, L, XL, XXL","reply_markup":{"inline_keyboard":[[{"text":"\u0412\u044b\u0431\u0440\u0430\u0442\u044c","callback_data":"tee_1"}]]}}}
2025/09/01 13:51:03 Endpoint: sendPhoto, params: map[caption:Футболка Black to Black 2 черная

Размеры: S, M, L, XL, XXL caption_entities:null chat_id:1854868765 reply_markup:{"inline_keyboard":[[{"text":"Выбрать","callback_data":"tee_2"}]]}], with 1 files
2025/09/01 13:51:04 Endpoint: sendPhoto, response: {"ok":true,"result":{"message_id":336,"from":{"id":7629726520,"is_bot":true,"first_name":"Osteomerch","username":"osteomerchbot"},"chat":{"id":1854868765,"first_name":"\u1160\u1160","username":"Shpinatyamba","type":"private"},"date":1756723863,"photo":[{"file_id":"AgACAgIAAxkDAANvaLVb6drCzy9ockRLaNZDjW3beAMAAvzxMRvjF6hJxZpY7h-kvqEBAAMCAANzAAM2BA","file_unique_id":"AQAD_PExG-MXqEl4","file_size":799,"width":67,"height":90},{"file_id":"AgACAgIAAxkDAANvaLVb6drCzy9ockRLaNZDjW3beAMAAvzxMRvjF6hJxZpY7h-kvqEBAAMCAANtAAM2BA","file_unique_id":"AQAD_PExG-MXqEly","file_size":8241,"width":240,"height":320},{"file_id":"AgACAgIAAxkDAANvaLVb6drCzy9ockRLaNZDjW3beAMAAvzxMRvjF6hJxZpY7h-kvqEBAAMCAAN4AAM2BA","file_unique_id":"AQAD_PExG-MXqEl9","file_size":23411,"width":600,"height":800},{"file_id":"AgACAgIAAxkDAANvaLVb6drCzy9ockRLaNZDjW3beAMAAvzxMRvjF6hJxZpY7h-kvqEBAAMCAAN5AAM2BA","file_unique_id":"AQAD_PExG-MXqEl-","file_size":50335,"width":960,"height":1280},{"file_id":"AgACAgIAAxkDAANvaLVb6drCzy9ockRLaNZDjW3beAMAAvzxMRvjF6hJxZpY7h-kvqEBAAMCAAN3AAM2BA","file_unique_id":"AQAD_PExG-MXqEl8","file_size":65885,"width":1167,"height":1556}],"caption":"\u0424\u0443\u0442\u0431\u043e\u043b\u043a\u0430 Black to Black 2 \u0447\u0435\u0440\u043d\u0430\u044f\n\n\u0420\u0430\u0437\u043c\u0435\u0440\u044b: S, M, L, XL, XXL","reply_markup":{"inline_keyboard":[[{"text":"\u0412\u044b\u0431\u0440\u0430\u0442\u044c","callback_data":"tee_2"}]]}}}
2025/09/01 13:51:04 Endpoint: answerCallbackQuery, params: map[callback_query_id:7966600686834482710]
2025/09/01 13:51:04 Endpoint: answerCallbackQuery, response: {"ok":true,"result":true}
2025/09/01 13:51:05 Endpoint: getUpdates, response: {"ok":false,"error_code":409,"description":"Conflict: terminated by other getUpdates request; make sure that only one bot instance is running"}
2025/09/01 13:51:05 Conflict: terminated by other getUpdates request; make sure that only one bot instance is running
2025/09/01 13:51:05 Failed to get updates, retrying in 3 seconds...
2025/09/01 13:51:08 Endpoint: getUpdates, params: map[allowed_updates:null offset:666508046 timeout:60]
2025/09/01 13:51:08 Endpoint: getUpdates, response: {"ok":true,"result":[{"update_id":666508047,
"message":{"message_id":337,"from":{"id":5140420220,"is_bot":false,"first_name":"\u041d\u0430\u0442\u0430\u043b\u044c\u044f","username":"Natali22happy","language_code":"ru"},"chat":{"id":5140420220,"first_name":"\u041d\u0430\u0442\u0430\u043b\u044c\u044f","username":"Natali22happy","type":"private"},"date":1756723867,"text":"76"}}]}
2025/09/01 13:51:08 Endpoint: getUpdates, params: map[allowed_updates:null offset:666508048 timeout:60]
2025/09/01 13:51:08 Endpoint: sendMessage, params: map[chat_id:5140420220 entities:null text:Используйте /start для начала работы]
2025/09/01 13:51:08 Endpoint: sendMessage, response: {"ok":true,"result":{"message_id":338,"from":{"id":7629726520,"is_bot":true,"first_name":"Osteomerch","username":"osteomerchbot"},"chat":{"id":5140420220,"first_name":"\u041d\u0430\u0442\u0430\u043b\u044c\u044f","username":"Natali22happy","type":"private"},"date":1756723867,"text":"\u0418\u0441\u043f\u043e\u043b\u044c\u0437\u0443\u0439\u0442\u0435 /start \u0434\u043b\u044f \u043d\u0430\u0447\u0430\u043b\u0430 \u0440\u0430\u0431\u043e\u0442\u044b","entities":[{"offset":12,"length":6,"type":"bot_command"}]}}
exit status 0xc000013a
^C